<?xml version="1.0" encoding="utf-8"?><testsuites><testsuite name="pytest" errors="0" failures="0" skipped="0" tests="0" time="1.447" timestamp="2024-11-19T14:09:07.882924-05:00" hostname="ArtMorozov.local" /></testsuites>